[debug] [2025-11-29T06:41:32.341Z] ----------------------------------------------------------------------
[debug] [2025-11-29T06:41:32.343Z] Command:       C:\Program Files\nodejs\node.exe C:\Users\Ashton Loosli\AppData\Roaming\npm\node_modules\firebase-tools\lib\bin\firebase.js deploy --only functions
[debug] [2025-11-29T06:41:32.344Z] CLI Version:   14.26.0
[debug] [2025-11-29T06:41:32.344Z] Platform:      win32
[debug] [2025-11-29T06:41:32.344Z] Node Version:  v22.13.0
[debug] [2025-11-29T06:41:32.344Z] Time:          Fri Nov 28 2025 23:41:32 GMT-0700 (Mountain Standard Time)
[debug] [2025-11-29T06:41:32.344Z] ----------------------------------------------------------------------
[debug] 
[debug] [2025-11-29T06:41:32.498Z] > command requires scopes: ["email","openid","https://www.googleapis.com/auth/cloudplatformprojects.readonly","https://www.googleapis.com/auth/firebase","https://www.googleapis.com/auth/cloud-platform"]
[debug] [2025-11-29T06:41:32.498Z] > authorizing via signed-in user (loosliashton@gmail.com)
[debug] [2025-11-29T06:41:32.499Z] [iam] checking project christmas-list-4b180 for permissions ["cloudfunctions.functions.create","cloudfunctions.functions.delete","cloudfunctions.functions.get","cloudfunctions.functions.list","cloudfunctions.functions.update","cloudfunctions.operations.get","firebase.projects.get"]
[debug] [2025-11-29T06:41:32.499Z] Checked if tokens are valid: true, expires at: 1764399618772
[debug] [2025-11-29T06:41:32.500Z] Checked if tokens are valid: true, expires at: 1764399618772
[debug] [2025-11-29T06:41:32.500Z] >>> [apiv2][query] POST https://cloudresourcemanager.googleapis.com/v1/projects/christmas-list-4b180:testIamPermissions [none]
[debug] [2025-11-29T06:41:32.500Z] >>> [apiv2][(partial)header] POST https://cloudresourcemanager.googleapis.com/v1/projects/christmas-list-4b180:testIamPermissions x-goog-quota-user=projects/christmas-list-4b180
[debug] [2025-11-29T06:41:32.500Z] >>> [apiv2][body] POST https://cloudresourcemanager.googleapis.com/v1/projects/christmas-list-4b180:testIamPermissions {"permissions":["cloudfunctions.functions.create","cloudfunctions.functions.delete","cloudfunctions.functions.get","cloudfunctions.functions.list","cloudfunctions.functions.update","cloudfunctions.operations.get","firebase.projects.get"]}
[debug] [2025-11-29T06:41:32.697Z] <<< [apiv2][status] POST https://cloudresourcemanager.googleapis.com/v1/projects/christmas-list-4b180:testIamPermissions 200
[debug] [2025-11-29T06:41:32.697Z] <<< [apiv2][body] POST https://cloudresourcemanager.googleapis.com/v1/projects/christmas-list-4b180:testIamPermissions {"permissions":["cloudfunctions.functions.create","cloudfunctions.functions.delete","cloudfunctions.functions.get","cloudfunctions.functions.list","cloudfunctions.functions.update","cloudfunctions.operations.get","firebase.projects.get"]}
[debug] [2025-11-29T06:41:32.697Z] Checked if tokens are valid: true, expires at: 1764399618772
[debug] [2025-11-29T06:41:32.697Z] Checked if tokens are valid: true, expires at: 1764399618772
[debug] [2025-11-29T06:41:32.697Z] >>> [apiv2][query] POST https://iam.googleapis.com/v1/projects/christmas-list-4b180/serviceAccounts/christmas-list-4b180@appspot.gserviceaccount.com:testIamPermissions [none]
[debug] [2025-11-29T06:41:32.697Z] >>> [apiv2][body] POST https://iam.googleapis.com/v1/projects/christmas-list-4b180/serviceAccounts/christmas-list-4b180@appspot.gserviceaccount.com:testIamPermissions {"permissions":["iam.serviceAccounts.actAs"]}
[debug] [2025-11-29T06:41:33.048Z] <<< [apiv2][status] POST https://iam.googleapis.com/v1/projects/christmas-list-4b180/serviceAccounts/christmas-list-4b180@appspot.gserviceaccount.com:testIamPermissions 200
[debug] [2025-11-29T06:41:33.049Z] <<< [apiv2][body] POST https://iam.googleapis.com/v1/projects/christmas-list-4b180/serviceAccounts/christmas-list-4b180@appspot.gserviceaccount.com:testIamPermissions {"permissions":["iam.serviceAccounts.actAs"]}
[info] 
[info] === Deploying to 'christmas-list-4b180'...
[info] 
[info] i  deploying functions 
[info] Running command: npm --prefix "$RESOURCE_DIR" run build
